<?xml version="1.0" encoding="UTF-8"?>
<!-- Generated by org.testng.reporters.JUnitReportReporter -->
<testsuite skipped="0" hostname="DESKTOP-43FULGJ" name="test.LoginTest" tests="1" failures="0" timestamp="19 Aug 2020 23:29:45 GMT" time="8.050" errors="0">
  <testcase name="LoginTest" time="8.050" classname="test.LoginTest"/>
</testsuite> <!-- test.LoginTest -->
