<?xml version="1.0" encoding="UTF-8"?>
<!-- Generated by org.testng.reporters.JUnitReportReporter -->
<testsuite skipped="5" hostname="DESKTOP-43FULGJ" name="test.TestPage" tests="6" failures="0" timestamp="2020-08-28T19:21:06 CDT" time="7.337" errors="0">
  <testcase name="hashmaplogin" time="7.337" classname="test.TestPage"/>
  <testcase name="Image" classname="test.TestPage">
    <skipped/>
  </testcase> <!-- Image -->
  <testcase name="Dashboard" classname="test.TestPage">
    <skipped/>
  </testcase> <!-- Dashboard -->
  <testcase name="Login" classname="test.TestPage">
    <skipped/>
  </testcase> <!-- Login -->
  <testcase name="Windows" classname="test.TestPage">
    <skipped/>
  </testcase> <!-- Windows -->
  <testcase name="sidenav" classname="test.TestPage">
    <skipped/>
  </testcase> <!-- sidenav -->
</testsuite> <!-- test.TestPage -->
